<?xml version="1.0" encoding="UTF-8"?>
<!-- Generated by org.testng.reporters.JUnitReportReporter -->
<testsuite hostname="DESKTOP-C8HK0GU" failures="0" tests="2" name="com.localHuntzTest.MainTest" time="19.761" errors="0" timestamp="16 Aug 2018 06:03:24 GMT" skipped="0">
  <testcase classname="com.localHuntzTest.MainTest" name="localHuntzTest" time="0.682"/>
  <testcase classname="com.localHuntzTest.MainTest" name="creatingNewUser" time="19.079"/>
</testsuite> <!-- com.localHuntzTest.MainTest -->
